[2025/10/19 00:08:42]: §9          __             _       
[2025/10/19 00:08:42]: §9  _ __   / /  ___   __ _(_)_ __  
[2025/10/19 00:08:42]: §9 | '_ \ / /  / _ \ / _` | | '_ \ 
[2025/10/19 00:08:42]: §9 | | | / /__| (_) | (_| | | | | |
[2025/10/19 00:08:42]: §9 |_| |_\____/\___/ \__, |_|_| |_|
[2025/10/19 00:08:42]: §9                  |___/            
[2025/10/19 00:08:42]: §9 By: www.nickuc.com - V 10.4.23 DEVELOPMENT
[2025/10/19 00:08:42]: §9 
[2025/10/19 00:08:43]: §3[nLogin] [DEBUG] All settings were loaded in 468 ms.
[2025/10/19 00:08:44]: §3[nLogin] [DEBUG] Loading the messages_es.yml message file...
[2025/10/19 00:08:44]: §3[nLogin] [DEBUG] All plugin messages were loaded in 301 ms (languageByClient=false).
[2025/10/19 00:08:44]: §3[nLogin] [DEBUG] All proxy settings were loaded in 4 ms.
[2025/10/19 00:08:44]: §3[nLogin] [DEBUG] Loading database...
[2025/10/19 00:08:46]: §3[nLogin] [DEBUG] Starting logger filter...
[2025/10/19 00:09:15]: §3[nLogin] [DEBUG] [SQLite] [UPDATE]: "UPDATE `nlogin` SET `last_name` = 'AL5PT', `unique_id` = 3678aaa4193c3005aadb5e617b75fe27,  `mojang_id` = null,  `bedrock_id` = null,  `password` = '$2a$10$GgDnipUj6ucVtICWDQJM0uU/DntdgpeOm4/A2A4ONKH1UBwDqAXHu', `last_ip` = '127.242.235.16', `creation_date` = 2025-10-18 23:00:47.247, `last_seen` = 2025-10-19 00:09:15.718, `email` = null, `discord` = null, `settings` = '{"settings":[{"value":"es","key":"language"}],"version":0}' WHERE `ai` = 1" (applied to [last_ip, last_seen, settings] columns)
[2025/10/19 00:09:15]: [nLogin] The user AL5PT has successfully logged in.
[2025/10/19 00:09:58]: [nLogin] Successful plugin core shutdown (took 0.00s)
[2025/10/19 05:26:53]: §4[nLogin] [ERROR] §cCould not insert AL5PT account's 1444761796 [write fail?]
org.sqlite.SQLiteException: [SQLITE_READONLY_DBMOVED] The database file has been moved since it was opened (attempt to write a readonly database)
	at org.sqlite.core.DB.newSQLException(DB.java:1179)
	at org.sqlite.core.DB.newSQLException(DB.java:1190)
	at org.sqlite.core.DB.execute(DB.java:988)
	at org.sqlite.core.DB.executeUpdate(DB.java:1054)
	at org.sqlite.jdbc3.JDBC3PreparedStatement.lambda$executeLargeUpdate$2(JDBC3PreparedStatement.java:129)
	at org.sqlite.jdbc3.JDBC3Statement.withConnectionTimeout(JDBC3Statement.java:454)
	at org.sqlite.jdbc3.JDBC3PreparedStatement.executeLargeUpdate(JDBC3PreparedStatement.java:124)
	at org.sqlite.jdbc3.JDBC3PreparedStatement.executeUpdate(JDBC3PreparedStatement.java:105)
	at com.nickuc.login.εξνσΔχΣεθθζΔαΠζ.a(:103)
	at com.nickuc.login.χοΨδξγεΣπ.a(:87)
	at com.nickuc.login.σεθζθζτζ.a(:676)
	at com.nickuc.login.σεθζθζτζ.a(:670)
	at com.nickuc.login.ςτΩΦπρηΩΓ.a(:57)
	at com.nickuc.login.ςτΩΦπρηΩΓ.b(:127)
	at com.nickuc.login.οΨτμςκΦθηΩβΩΨηλ.a(:129)
	at com.nickuc.login.ξξοηλξνΨ.b(:92)
	at com.nickuc.login.ιχωυζπψημωΔτΦθ.d(:118)
	at com.nickuc.login.ωλΛνρκηΦηβζ.a(:74)
	at io.papermc.paper.threadedregions.scheduler.FoliaAsyncScheduler$AsyncScheduledTask.run(FoliaAsyncScheduler.java:217)
	at java.base/java.util.concurrent.ThreadPoolExecutor.runWorker(ThreadPoolExecutor.java:1144)
	at java.base/java.util.concurrent.ThreadPoolExecutor$Worker.run(ThreadPoolExecutor.java:642)
	at java.base/java.lang.Thread.run(Thread.java:1583)
[2025/10/19 05:26:53]: §3[nLogin] [DEBUG] [SQLite] [UPDATE]: "INSERT INTO `nlogin` (`last_name`, `unique_id`, `mojang_id`, `bedrock_id`, `password`, `last_ip`, `creation_date`, `last_seen`, `email`, `discord`, `settings`) VALUES ('AL5PT', 3678aaa4193c3005aadb5e617b75fe27, null, null, '$2a$10$golVh1iwNlTkL6lrIJzlvO0X5PiWnZd3aV3yAMe1TH8EE7GgeZ.dK', '192.168.196.128', '2025-10-19 05:26:53.302', '2025-10-19 05:26:53.302', null, null, '{"settings":[{"value":true,"key":"force-invalid-session"}],"version":0}')" (applied to all columns)
[2025/10/19 05:27:15]: [nLogin] Successful plugin core shutdown (took 0.00s)
